# JRE version: OpenJDK Runtime Environment (8.0_152-b02) (build 1.8.0_152-release-1024-b02)
# Java VM: OpenJDK 64-Bit Server VM (25.152-b02 mixed mode windows-amd64 compressed oops)
Heap:
 PSYoungGen      total 148992K, used 52701K [0x0000000740700000, 0x000000074ad80000, 0x00000007c0000000)
  eden space 132608K, 27% used [0x0000000740700000,0x0000000742a7cc30,0x0000000748880000)
  from space 16384K, 99% used [0x0000000748d80000,0x0000000749d7aa50,0x0000000749d80000)
  to   space 15872K, 0% used [0x0000000749e00000,0x0000000749e00000,0x000000074ad80000)
 ParOldGen       total 187392K, used 33283K [0x0000000641400000, 0x000000064cb00000, 0x0000000740700000)
  object space 187392K, 17% used [0x0000000641400000,0x0000000643480c28,0x000000064cb00000)
 Metaspace       used 45839K, capacity 46594K, committed 46808K, reserved 1089536K
  class space    used 5649K, capacity 5825K, committed 5888K, reserved 1048576K
GC Heap History (10 events):
Event: 4.648 GC heap before
{Heap before GC invocations=3 (full 1):
 PSYoungGen      total 114688K, used 98304K [0x0000000740700000, 0x0000000748700000, 0x00000007c0000000)
  eden space 98304K, 100% used [0x0000000740700000,0x0000000746700000,0x0000000746700000)
  from space 16384K, 0% used [0x0000000746700000,0x0000000746700000,0x0000000747700000)
  to   space 16384K, 0% used [0x0000000747700000,0x0000000747700000,0x0000000748700000)
 ParOldGen       total 187392K, used 17762K [0x0000000641400000, 0x000000064cb00000, 0x0000000740700000)
  object space 187392K, 9% used [0x0000000641400000,0x0000000642558810,0x000000064cb00000)
 Metaspace       used 32551K, capacity 33106K, committed 33408K, reserved 1079296K
  class space    used 3999K, capacity 4162K, committed 4224K, reserved 1048576K
Event: 4.674 GC heap after
Heap after GC invocations=3 (full 1):
 PSYoungGen      total 114688K, used 16382K [0x0000000740700000, 0x000000074a300000, 0x00000007c0000000)
  eden space 98304K, 0% used [0x0000000740700000,0x0000000740700000,0x0000000746700000)
  from space 16384K, 99% used [0x0000000747700000,0x00000007486ffbc8,0x0000000748700000)
  to   space 16384K, 0% used [0x0000000746700000,0x0000000746700000,0x0000000747700000)
 ParOldGen       total 187392K, used 25140K [0x0000000641400000, 0x000000064cb00000, 0x0000000740700000)
  object space 187392K, 13% used [0x0000000641400000,0x0000000642c8d1f8,0x000000064cb00000)
 Metaspace       used 32551K, capacity 33106K, committed 33408K, reserved 1079296K
  class space    used 3999K, capacity 4162K, committed 4224K, reserved 1048576K
}
Event: 5.189 GC heap before
{Heap before GC invocations=4 (full 1):
 PSYoungGen      total 114688K, used 45629K [0x0000000740700000, 0x000000074a300000, 0x00000007c0000000)
  eden space 98304K, 29% used [0x0000000740700000,0x000000074238f9f8,0x0000000746700000)
  from space 16384K, 99% used [0x0000000747700000,0x00000007486ffbc8,0x0000000748700000)
  to   space 16384K, 0% used [0x0000000746700000,0x0000000746700000,0x0000000747700000)
 ParOldGen       total 187392K, used 25140K [0x0000000641400000, 0x000000064cb00000, 0x0000000740700000)
  object space 187392K, 13% used [0x0000000641400000,0x0000000642c8d1f8,0x000000064cb00000)
 Metaspace       used 34664K, capacity 35160K, committed 35416K, reserved 1081344K
  class space    used 4266K, capacity 4433K, committed 4480K, reserved 1048576K
Event: 5.204 GC heap after
Heap after GC invocations=4 (full 1):
 PSYoungGen      total 114688K, used 16368K [0x0000000740700000, 0x000000074ae00000, 0x00000007c0000000)
  eden space 98304K, 0% used [0x0000000740700000,0x0000000740700000,0x0000000746700000)
  from space 16384K, 99% used [0x0000000746700000,0x00000007476fc0c8,0x0000000747700000)
  to   space 16384K, 0% used [0x0000000749e00000,0x0000000749e00000,0x000000074ae00000)
 ParOldGen       total 187392K, used 26340K [0x0000000641400000, 0x000000064cb00000, 0x0000000740700000)
  object space 187392K, 14% used [0x0000000641400000,0x0000000642db9210,0x000000064cb00000)
 Metaspace       used 34664K, capacity 35160K, committed 35416K, reserved 1081344K
  class space    used 4266K, capacity 4433K, committed 4480K, reserved 1048576K
}
Event: 5.204 GC heap before
{Heap before GC invocations=5 (full 2):
 PSYoungGen      total 114688K, used 16368K [0x0000000740700000, 0x000000074ae00000, 0x00000007c0000000)
  eden space 98304K, 0% used [0x0000000740700000,0x0000000740700000,0x0000000746700000)
  from space 16384K, 99% used [0x0000000746700000,0x00000007476fc0c8,0x0000000747700000)
  to   space 16384K, 0% used [0x0000000749e00000,0x0000000749e00000,0x000000074ae00000)
 ParOldGen       total 187392K, used 26340K [0x0000000641400000, 0x000000064cb00000, 0x0000000740700000)
  object space 187392K, 14% used [0x0000000641400000,0x0000000642db9210,0x000000064cb00000)
 Metaspace       used 34664K, capacity 35160K, committed 35416K, reserved 1081344K
  class space    used 4266K, capacity 4433K, committed 4480K, reserved 1048576K
Event: 5.308 GC heap after
Heap after GC invocations=5 (full 2):
 PSYoungGen      total 114688K, used 0K [0x0000000740700000, 0x000000074ae00000, 0x00000007c0000000)
  eden space 98304K, 0% used [0x0000000740700000,0x0000000740700000,0x0000000746700000)
  from space 16384K, 0% used [0x0000000746700000,0x0000000746700000,0x0000000747700000)
  to   space 16384K, 0% used [0x0000000749e00000,0x0000000749e00000,0x000000074ae00000)
 ParOldGen       total 187392K, used 24616K [0x0000000641400000, 0x000000064cb00000, 0x0000000740700000)
  object space 187392K, 13% used [0x0000000641400000,0x0000000642c0a1d8,0x000000064cb00000)
 Metaspace       used 34664K, capacity 35160K, committed 35416K, reserved 1081344K
  class space    used 4266K, capacity 4433K, committed 4480K, reserved 1048576K
}
Event: 7.017 GC heap before
{Heap before GC invocations=6 (full 2):
 PSYoungGen      total 114688K, used 98304K [0x0000000740700000, 0x000000074ae00000, 0x00000007c0000000)
  eden space 98304K, 100% used [0x0000000740700000,0x0000000746700000,0x0000000746700000)
  from space 16384K, 0% used [0x0000000746700000,0x0000000746700000,0x0000000747700000)
  to   space 16384K, 0% used [0x0000000749e00000,0x0000000749e00000,0x000000074ae00000)
 ParOldGen       total 187392K, used 24616K [0x0000000641400000, 0x000000064cb00000, 0x0000000740700000)
  object space 187392K, 13% used [0x0000000641400000,0x0000000642c0a1d8,0x000000064cb00000)
 Metaspace       used 38297K, capacity 38920K, committed 39128K, reserved 1083392K
  class space    used 4626K, capacity 4785K, committed 4864K, reserved 1048576K
Event: 7.034 GC heap after
Heap after GC invocations=6 (full 2):
 PSYoungGen      total 148480K, used 15545K [0x0000000740700000, 0x000000074ad80000, 0x00000007c0000000)
  eden space 132608K, 0% used [0x0000000740700000,0x0000000740700000,0x0000000748880000)
  from space 15872K, 97% used [0x0000000749e00000,0x000000074ad2e678,0x000000074ad80000)
  to   space 16384K, 0% used [0x0000000748d80000,0x0000000748d80000,0x0000000749d80000)
 ParOldGen       total 187392K, used 24624K [0x0000000641400000, 0x000000064cb00000, 0x0000000740700000)
  object space 187392K, 13% used [0x0000000641400000,0x0000000642c0c1d8,0x000000064cb00000)
 Metaspace       used 38297K, capacity 38920K, committed 39128K, reserved 1083392K
  class space    used 4626K, capacity 4785K, committed 4864K, reserved 1048576K
}
Event: 9.376 GC heap before
{Heap before GC invocations=7 (full 2):
 PSYoungGen      total 148480K, used 148153K [0x0000000740700000, 0x000000074ad80000, 0x00000007c0000000)
  eden space 132608K, 100% used [0x0000000740700000,0x0000000748880000,0x0000000748880000)
  from space 15872K, 97% used [0x0000000749e00000,0x000000074ad2e678,0x000000074ad80000)
  to   space 16384K, 0% used [0x0000000748d80000,0x0000000748d80000,0x0000000749d80000)
 ParOldGen       total 187392K, used 24624K [0x0000000641400000, 0x000000064cb00000, 0x0000000740700000)
  object space 187392K, 13% used [0x0000000641400000,0x0000000642c0c1d8,0x000000064cb00000)
 Metaspace       used 43183K, capacity 43918K, committed 44120K, reserved 1087488K
  class space    used 5259K, capacity 5451K, committed 5504K, reserved 1048576K
Event: 9.404 GC heap after
Heap after GC invocations=7 (full 2):
 PSYoungGen      total 148992K, used 16362K [0x0000000740700000, 0x000000074ad80000, 0x00000007c0000000)
  eden space 132608K, 0% used [0x0000000740700000,0x0000000740700000,0x0000000748880000)
  from space 16384K, 99% used [0x0000000748d80000,0x0000000749d7aa50,0x0000000749d80000)
  to   space 15872K, 0% used [0x0000000749e00000,0x0000000749e00000,0x000000074ad80000)
 ParOldGen       total 187392K, used 33283K [0x0000000641400000, 0x000000064cb00000, 0x0000000740700000)
  object space 187392K, 17% used [0x0000000641400000,0x0000000643480c28,0x000000064cb00000)
 Metaspace       used 43183K, capacity 43918K, committed 44120K, reserved 1087488K
  class space    used 5259K, capacity 5451K, committed 5504K, reserved 1048576K
}

