# JRE version: OpenJDK Runtime Environment (8.0_152-b02) (build 1.8.0_152-release-1024-b02)
# Java VM: OpenJDK 64-Bit Server VM (25.152-b02 mixed mode windows-amd64 compressed oops)
Heap:
 PSYoungGen      total 159744K, used 46263K [0x00000000e0000000, 0x00000000ed100000, 0x0000000100000000)
  eden space 143360K, 20% used [0x00000000e0000000,0x00000000e1d33c78,0x00000000e8c00000)
  from space 16384K, 99% used [0x00000000e9c00000,0x00000000eabfa1d0,0x00000000eac00000)
  to   space 16384K, 0% used [0x00000000e8c00000,0x00000000e8c00000,0x00000000e9c00000)
 ParOldGen       total 255488K, used 70496K [0x00000000a0000000, 0x00000000af980000, 0x00000000e0000000)
  object space 255488K, 27% used [0x00000000a0000000,0x00000000a44d8320,0x00000000af980000)
 Metaspace       used 53403K, capacity 54450K, committed 54568K, reserved 1097728K
  class space    used 6394K, capacity 6640K, committed 6704K, reserved 1048576K
GC Heap History (10 events):
Event: 7.460 GC heap before
{Heap before GC invocations=7 (full 3):
 PSYoungGen      total 159744K, used 11762K [0x00000000e0000000, 0x00000000ed100000, 0x0000000100000000)
  eden space 143360K, 0% used [0x00000000e0000000,0x00000000e0000000,0x00000000e8c00000)
  from space 16384K, 71% used [0x00000000e9c00000,0x00000000ea77c880,0x00000000eac00000)
  to   space 16384K, 0% used [0x00000000e8c00000,0x00000000e8c00000,0x00000000e9c00000)
 ParOldGen       total 184320K, used 22935K [0x00000000a0000000, 0x00000000ab400000, 0x00000000e0000000)
  object space 184320K, 12% used [0x00000000a0000000,0x00000000a1665e00,0x00000000ab400000)
 Metaspace       used 34726K, capacity 35252K, committed 35496K, reserved 1081344K
  class space    used 4284K, capacity 4437K, committed 4528K, reserved 1048576K
Event: 7.565 GC heap after
Heap after GC invocations=7 (full 3):
 PSYoungGen      total 159744K, used 0K [0x00000000e0000000, 0x00000000ed100000, 0x0000000100000000)
  eden space 143360K, 0% used [0x00000000e0000000,0x00000000e0000000,0x00000000e8c00000)
  from space 16384K, 0% used [0x00000000e9c00000,0x00000000e9c00000,0x00000000eac00000)
  to   space 16384K, 0% used [0x00000000e8c00000,0x00000000e8c00000,0x00000000e9c00000)
 ParOldGen       total 255488K, used 17180K [0x00000000a0000000, 0x00000000af980000, 0x00000000e0000000)
  object space 255488K, 6% used [0x00000000a0000000,0x00000000a10c7260,0x00000000af980000)
 Metaspace       used 34726K, capacity 35252K, committed 35496K, reserved 1081344K
  class space    used 4284K, capacity 4437K, committed 4528K, reserved 1048576K
}
Event: 10.169 GC heap before
{Heap before GC invocations=8 (full 3):
 PSYoungGen      total 159744K, used 143360K [0x00000000e0000000, 0x00000000ed100000, 0x0000000100000000)
  eden space 143360K, 100% used [0x00000000e0000000,0x00000000e8c00000,0x00000000e8c00000)
  from space 16384K, 0% used [0x00000000e9c00000,0x00000000e9c00000,0x00000000eac00000)
  to   space 16384K, 0% used [0x00000000e8c00000,0x00000000e8c00000,0x00000000e9c00000)
 ParOldGen       total 255488K, used 17180K [0x00000000a0000000, 0x00000000af980000, 0x00000000e0000000)
  object space 255488K, 6% used [0x00000000a0000000,0x00000000a10c7260,0x00000000af980000)
 Metaspace       used 42294K, capacity 42918K, committed 43304K, reserved 1087488K
  class space    used 5123K, capacity 5304K, committed 5424K, reserved 1048576K
Event: 10.201 GC heap after
Heap after GC invocations=8 (full 3):
 PSYoungGen      total 159744K, used 16358K [0x00000000e0000000, 0x00000000ed100000, 0x0000000100000000)
  eden space 143360K, 0% used [0x00000000e0000000,0x00000000e0000000,0x00000000e8c00000)
  from space 16384K, 99% used [0x00000000e8c00000,0x00000000e9bf9ba8,0x00000000e9c00000)
  to   space 16384K, 0% used [0x00000000e9c00000,0x00000000e9c00000,0x00000000eac00000)
 ParOldGen       total 255488K, used 25324K [0x00000000a0000000, 0x00000000af980000, 0x00000000e0000000)
  object space 255488K, 9% used [0x00000000a0000000,0x00000000a18bb198,0x00000000af980000)
 Metaspace       used 42294K, capacity 42918K, committed 43304K, reserved 1087488K
  class space    used 5123K, capacity 5304K, committed 5424K, reserved 1048576K
}
Event: 12.971 GC heap before
{Heap before GC invocations=9 (full 3):
 PSYoungGen      total 159744K, used 159718K [0x00000000e0000000, 0x00000000ed100000, 0x0000000100000000)
  eden space 143360K, 100% used [0x00000000e0000000,0x00000000e8c00000,0x00000000e8c00000)
  from space 16384K, 99% used [0x00000000e8c00000,0x00000000e9bf9ba8,0x00000000e9c00000)
  to   space 16384K, 0% used [0x00000000e9c00000,0x00000000e9c00000,0x00000000eac00000)
 ParOldGen       total 255488K, used 25324K [0x00000000a0000000, 0x00000000af980000, 0x00000000e0000000)
  object space 255488K, 9% used [0x00000000a0000000,0x00000000a18bb198,0x00000000af980000)
 Metaspace       used 47191K, capacity 47948K, committed 48296K, reserved 1091584K
  class space    used 5758K, capacity 5937K, committed 6064K, reserved 1048576K
Event: 13.016 GC heap after
Heap after GC invocations=9 (full 3):
 PSYoungGen      total 159744K, used 16370K [0x00000000e0000000, 0x00000000ed100000, 0x0000000100000000)
  eden space 143360K, 0% used [0x00000000e0000000,0x00000000e0000000,0x00000000e8c00000)
  from space 16384K, 99% used [0x00000000e9c00000,0x00000000eabfca40,0x00000000eac00000)
  to   space 16384K, 0% used [0x00000000e8c00000,0x00000000e8c00000,0x00000000e9c00000)
 ParOldGen       total 255488K, used 39013K [0x00000000a0000000, 0x00000000af980000, 0x00000000e0000000)
  object space 255488K, 15% used [0x00000000a0000000,0x00000000a26196f0,0x00000000af980000)
 Metaspace       used 47191K, capacity 47948K, committed 48296K, reserved 1091584K
  class space    used 5758K, capacity 5937K, committed 6064K, reserved 1048576K
}
Event: 17.571 GC heap before
{Heap before GC invocations=10 (full 3):
 PSYoungGen      total 159744K, used 159730K [0x00000000e0000000, 0x00000000ed100000, 0x0000000100000000)
  eden space 143360K, 100% used [0x00000000e0000000,0x00000000e8c00000,0x00000000e8c00000)
  from space 16384K, 99% used [0x00000000e9c00000,0x00000000eabfca40,0x00000000eac00000)
  to   space 16384K, 0% used [0x00000000e8c00000,0x00000000e8c00000,0x00000000e9c00000)
 ParOldGen       total 255488K, used 39013K [0x00000000a0000000, 0x00000000af980000, 0x00000000e0000000)
  object space 255488K, 15% used [0x00000000a0000000,0x00000000a26196f0,0x00000000af980000)
 Metaspace       used 51873K, capacity 52842K, committed 52904K, reserved 1095680K
  class space    used 6296K, capacity 6526K, committed 6576K, reserved 1048576K
Event: 17.639 GC heap after
Heap after GC invocations=10 (full 3):
 PSYoungGen      total 159744K, used 16375K [0x00000000e0000000, 0x00000000ed100000, 0x0000000100000000)
  eden space 143360K, 0% used [0x00000000e0000000,0x00000000e0000000,0x00000000e8c00000)
  from space 16384K, 99% used [0x00000000e8c00000,0x00000000e9bfde68,0x00000000e9c00000)
  to   space 16384K, 0% used [0x00000000e9c00000,0x00000000e9c00000,0x00000000eac00000)
 ParOldGen       total 255488K, used 58992K [0x00000000a0000000, 0x00000000af980000, 0x00000000e0000000)
  object space 255488K, 23% used [0x00000000a0000000,0x00000000a399c0d8,0x00000000af980000)
 Metaspace       used 51873K, capacity 52842K, committed 52904K, reserved 1095680K
  class space    used 6296K, capacity 6526K, committed 6576K, reserved 1048576K
}
Event: 21.810 GC heap before
{Heap before GC invocations=11 (full 3):
 PSYoungGen      total 159744K, used 159735K [0x00000000e0000000, 0x00000000ed100000, 0x0000000100000000)
  eden space 143360K, 100% used [0x00000000e0000000,0x00000000e8c00000,0x00000000e8c00000)
  from space 16384K, 99% used [0x00000000e8c00000,0x00000000e9bfde68,0x00000000e9c00000)
  to   space 16384K, 0% used [0x00000000e9c00000,0x00000000e9c00000,0x00000000eac00000)
 ParOldGen       total 255488K, used 58992K [0x00000000a0000000, 0x00000000af980000, 0x00000000e0000000)
  object space 255488K, 23% used [0x00000000a0000000,0x00000000a399c0d8,0x00000000af980000)
 Metaspace       used 52884K, capacity 53886K, committed 54056K, reserved 1097728K
  class space    used 6362K, capacity 6606K, committed 6704K, reserved 1048576K
Event: 21.854 GC heap after
Heap after GC invocations=11 (full 3):
 PSYoungGen      total 159744K, used 16360K [0x00000000e0000000, 0x00000000ed100000, 0x0000000100000000)
  eden space 143360K, 0% used [0x00000000e0000000,0x00000000e0000000,0x00000000e8c00000)
  from space 16384K, 99% used [0x00000000e9c00000,0x00000000eabfa1d0,0x00000000eac00000)
  to   space 16384K, 0% used [0x00000000e8c00000,0x00000000e8c00000,0x00000000e9c00000)
 ParOldGen       total 255488K, used 70496K [0x00000000a0000000, 0x00000000af980000, 0x00000000e0000000)
  object space 255488K, 27% used [0x00000000a0000000,0x00000000a44d8320,0x00000000af980000)
 Metaspace       used 52884K, capacity 53886K, committed 54056K, reserved 1097728K
  class space    used 6362K, capacity 6606K, committed 6704K, reserved 1048576K
}

