# JRE version: OpenJDK Runtime Environment (8.0_152-b02) (build 1.8.0_152-release-1024-b02)
# Java VM: OpenJDK 64-Bit Server VM (25.152-b02 mixed mode windows-amd64 compressed oops)
Heap:
 PSYoungGen      total 153088K, used 46440K [0x00000000e0000000, 0x00000000ef100000, 0x0000000100000000)
  eden space 123392K, 13% used [0x00000000e0000000,0x00000000e105ccd0,0x00000000e7880000)
  from space 29696K, 99% used [0x00000000e7880000,0x00000000e957d548,0x00000000e9580000)
  to   space 36864K, 0% used [0x00000000ecd00000,0x00000000ecd00000,0x00000000ef100000)
 ParOldGen       total 178688K, used 49282K [0x00000000a0000000, 0x00000000aae80000, 0x00000000e0000000)
  object space 178688K, 27% used [0x00000000a0000000,0x00000000a3020be8,0x00000000aae80000)
 Metaspace       used 53256K, capacity 54318K, committed 54568K, reserved 1097728K
  class space    used 6392K, capacity 6640K, committed 6704K, reserved 1048576K
GC Heap History (10 events):
Event: 15.334 GC heap before
{Heap before GC invocations=8 (full 3):
 PSYoungGen      total 114688K, used 98304K [0x00000000e0000000, 0x00000000ed380000, 0x0000000100000000)
  eden space 98304K, 100% used [0x00000000e0000000,0x00000000e6000000,0x00000000e6000000)
  from space 16384K, 0% used [0x00000000e7000000,0x00000000e7000000,0x00000000e8000000)
  to   space 16384K, 0% used [0x00000000e6000000,0x00000000e6000000,0x00000000e7000000)
 ParOldGen       total 178688K, used 17428K [0x00000000a0000000, 0x00000000aae80000, 0x00000000e0000000)
  object space 178688K, 9% used [0x00000000a0000000,0x00000000a11050b8,0x00000000aae80000)
 Metaspace       used 41198K, capacity 41910K, committed 42152K, reserved 1085440K
  class space    used 5073K, capacity 5258K, committed 5296K, reserved 1048576K
Event: 15.347 GC heap after
Heap after GC invocations=8 (full 3):
 PSYoungGen      total 114688K, used 16383K [0x00000000e0000000, 0x00000000ea580000, 0x0000000100000000)
  eden space 98304K, 0% used [0x00000000e0000000,0x00000000e0000000,0x00000000e6000000)
  from space 16384K, 99% used [0x00000000e6000000,0x00000000e6fffc70,0x00000000e7000000)
  to   space 16384K, 0% used [0x00000000e9580000,0x00000000e9580000,0x00000000ea580000)
 ParOldGen       total 178688K, used 19864K [0x00000000a0000000, 0x00000000aae80000, 0x00000000e0000000)
  object space 178688K, 11% used [0x00000000a0000000,0x00000000a13661c8,0x00000000aae80000)
 Metaspace       used 41198K, capacity 41910K, committed 42152K, reserved 1085440K
  class space    used 5073K, capacity 5258K, committed 5296K, reserved 1048576K
}
Event: 16.687 GC heap before
{Heap before GC invocations=9 (full 3):
 PSYoungGen      total 114688K, used 114687K [0x00000000e0000000, 0x00000000ea580000, 0x0000000100000000)
  eden space 98304K, 100% used [0x00000000e0000000,0x00000000e6000000,0x00000000e6000000)
  from space 16384K, 99% used [0x00000000e6000000,0x00000000e6fffc70,0x00000000e7000000)
  to   space 16384K, 0% used [0x00000000e9580000,0x00000000e9580000,0x00000000ea580000)
 ParOldGen       total 178688K, used 19864K [0x00000000a0000000, 0x00000000aae80000, 0x00000000e0000000)
  object space 178688K, 11% used [0x00000000a0000000,0x00000000a13661c8,0x00000000aae80000)
 Metaspace       used 42562K, capacity 43258K, committed 43560K, reserved 1087488K
  class space    used 5141K, capacity 5310K, committed 5424K, reserved 1048576K
Event: 16.735 GC heap after
Heap after GC invocations=9 (full 3):
 PSYoungGen      total 139776K, used 16365K [0x00000000e0000000, 0x00000000ec400000, 0x0000000100000000)
  eden space 123392K, 0% used [0x00000000e0000000,0x00000000e0000000,0x00000000e7880000)
  from space 16384K, 99% used [0x00000000e9580000,0x00000000ea57b7a8,0x00000000ea580000)
  to   space 29696K, 0% used [0x00000000e7880000,0x00000000e7880000,0x00000000e9580000)
 ParOldGen       total 178688K, used 25280K [0x00000000a0000000, 0x00000000aae80000, 0x00000000e0000000)
  object space 178688K, 14% used [0x00000000a0000000,0x00000000a18b00d0,0x00000000aae80000)
 Metaspace       used 42562K, capacity 43258K, committed 43560K, reserved 1087488K
  class space    used 5141K, capacity 5310K, committed 5424K, reserved 1048576K
}
Event: 19.949 GC heap before
{Heap before GC invocations=10 (full 3):
 PSYoungGen      total 139776K, used 139757K [0x00000000e0000000, 0x00000000ec400000, 0x0000000100000000)
  eden space 123392K, 100% used [0x00000000e0000000,0x00000000e7880000,0x00000000e7880000)
  from space 16384K, 99% used [0x00000000e9580000,0x00000000ea57b7a8,0x00000000ea580000)
  to   space 29696K, 0% used [0x00000000e7880000,0x00000000e7880000,0x00000000e9580000)
 ParOldGen       total 178688K, used 25280K [0x00000000a0000000, 0x00000000aae80000, 0x00000000e0000000)
  object space 178688K, 14% used [0x00000000a0000000,0x00000000a18b00d0,0x00000000aae80000)
 Metaspace       used 50350K, capacity 51228K, committed 51496K, reserved 1093632K
  class space    used 6203K, capacity 6395K, committed 6448K, reserved 1048576K
Event: 19.986 GC heap after
Heap after GC invocations=10 (full 3):
 PSYoungGen      total 153088K, used 29665K [0x00000000e0000000, 0x00000000ef100000, 0x0000000100000000)
  eden space 123392K, 0% used [0x00000000e0000000,0x00000000e0000000,0x00000000e7880000)
  from space 29696K, 99% used [0x00000000e7880000,0x00000000e95784c8,0x00000000e9580000)
  to   space 36864K, 0% used [0x00000000ecd00000,0x00000000ecd00000,0x00000000ef100000)
 ParOldGen       total 178688K, used 30109K [0x00000000a0000000, 0x00000000aae80000, 0x00000000e0000000)
  object space 178688K, 16% used [0x00000000a0000000,0x00000000a1d674a0,0x00000000aae80000)
 Metaspace       used 50350K, capacity 51228K, committed 51496K, reserved 1093632K
  class space    used 6203K, capacity 6395K, committed 6448K, reserved 1048576K
}
Event: 22.897 GC heap before
{Heap before GC invocations=11 (full 3):
 PSYoungGen      total 153088K, used 153057K [0x00000000e0000000, 0x00000000ef100000, 0x0000000100000000)
  eden space 123392K, 100% used [0x00000000e0000000,0x00000000e7880000,0x00000000e7880000)
  from space 29696K, 99% used [0x00000000e7880000,0x00000000e95784c8,0x00000000e9580000)
  to   space 36864K, 0% used [0x00000000ecd00000,0x00000000ecd00000,0x00000000ef100000)
 ParOldGen       total 178688K, used 30109K [0x00000000a0000000, 0x00000000aae80000, 0x00000000e0000000)
  object space 178688K, 16% used [0x00000000a0000000,0x00000000a1d674a0,0x00000000aae80000)
 Metaspace       used 51938K, capacity 52884K, committed 52904K, reserved 1095680K
  class space    used 6306K, capacity 6561K, committed 6576K, reserved 1048576K
Event: 23.028 GC heap after
Heap after GC invocations=11 (full 3):
 PSYoungGen      total 160256K, used 36832K [0x00000000e0000000, 0x00000000ef100000, 0x0000000100000000)
  eden space 123392K, 0% used [0x00000000e0000000,0x00000000e0000000,0x00000000e7880000)
  from space 36864K, 99% used [0x00000000ecd00000,0x00000000ef0f80c8,0x00000000ef100000)
  to   space 29696K, 0% used [0x00000000e7880000,0x00000000e7880000,0x00000000e9580000)
 ParOldGen       total 178688K, used 32352K [0x00000000a0000000, 0x00000000aae80000, 0x00000000e0000000)
  object space 178688K, 18% used [0x00000000a0000000,0x00000000a1f98200,0x00000000aae80000)
 Metaspace       used 51938K, capacity 52884K, committed 52904K, reserved 1095680K
  class space    used 6306K, capacity 6561K, committed 6576K, reserved 1048576K
}
Event: 27.009 GC heap before
{Heap before GC invocations=12 (full 3):
 PSYoungGen      total 160256K, used 160224K [0x00000000e0000000, 0x00000000ef100000, 0x0000000100000000)
  eden space 123392K, 100% used [0x00000000e0000000,0x00000000e7880000,0x00000000e7880000)
  from space 36864K, 99% used [0x00000000ecd00000,0x00000000ef0f80c8,0x00000000ef100000)
  to   space 29696K, 0% used [0x00000000e7880000,0x00000000e7880000,0x00000000e9580000)
 ParOldGen       total 178688K, used 32352K [0x00000000a0000000, 0x00000000aae80000, 0x00000000e0000000)
  object space 178688K, 18% used [0x00000000a0000000,0x00000000a1f98200,0x00000000aae80000)
 Metaspace       used 52890K, capacity 53910K, committed 54056K, reserved 1097728K
  class space    used 6366K, capacity 6638K, committed 6704K, reserved 1048576K
Event: 27.063 GC heap after
Heap after GC invocations=12 (full 3):
 PSYoungGen      total 153088K, used 29685K [0x00000000e0000000, 0x00000000ef100000, 0x0000000100000000)
  eden space 123392K, 0% used [0x00000000e0000000,0x00000000e0000000,0x00000000e7880000)
  from space 29696K, 99% used [0x00000000e7880000,0x00000000e957d548,0x00000000e9580000)
  to   space 36864K, 0% used [0x00000000ecd00000,0x00000000ecd00000,0x00000000ef100000)
 ParOldGen       total 178688K, used 49282K [0x00000000a0000000, 0x00000000aae80000, 0x00000000e0000000)
  object space 178688K, 27% used [0x00000000a0000000,0x00000000a3020be8,0x00000000aae80000)
 Metaspace       used 52890K, capacity 53910K, committed 54056K, reserved 1097728K
  class space    used 6366K, capacity 6638K, committed 6704K, reserved 1048576K
}

