# JRE version: OpenJDK Runtime Environment (8.0_152-b02) (build 1.8.0_152-release-1024-b02)
# Java VM: OpenJDK 64-Bit Server VM (25.152-b02 mixed mode windows-amd64 compressed oops)
Heap:
 PSYoungGen      total 181248K, used 146843K [0x00000000e0000000, 0x00000000ed080000, 0x0000000100000000)
  eden space 166912K, 79% used [0x00000000e0000000,0x00000000e816d8f8,0x00000000ea300000)
  from space 14336K, 99% used [0x00000000eb500000,0x00000000ec2f9528,0x00000000ec300000)
  to   space 18432K, 0% used [0x00000000ea300000,0x00000000ea300000,0x00000000eb500000)
 ParOldGen       total 295424K, used 23294K [0x00000000a0000000, 0x00000000b2080000, 0x00000000e0000000)
  object space 295424K, 7% used [0x00000000a0000000,0x00000000a16bfa18,0x00000000b2080000)
 Metaspace       used 55859K, capacity 57640K, committed 57984K, reserved 1099776K
  class space    used 7553K, capacity 8009K, committed 8064K, reserved 1048576K
GC Heap History (10 events):
Event: 8.528 GC heap before
{Heap before GC invocations=4 (full 1):
 PSYoungGen      total 114688K, used 98304K [0x00000000e0000000, 0x00000000ee000000, 0x0000000100000000)
  eden space 98304K, 100% used [0x00000000e0000000,0x00000000e6000000,0x00000000e6000000)
  from space 16384K, 0% used [0x00000000e7000000,0x00000000e7000000,0x00000000e8000000)
  to   space 16384K, 0% used [0x00000000e6000000,0x00000000e6000000,0x00000000e7000000)
 ParOldGen       total 174592K, used 11720K [0x00000000a0000000, 0x00000000aaa80000, 0x00000000e0000000)
  object space 174592K, 6% used [0x00000000a0000000,0x00000000a0b72320,0x00000000aaa80000)
 Metaspace       used 28245K, capacity 28836K, committed 29056K, reserved 1075200K
  class space    used 3944K, capacity 4125K, committed 4224K, reserved 1048576K
Event: 8.544 GC heap after
Heap after GC invocations=4 (full 1):
 PSYoungGen      total 114688K, used 10230K [0x00000000e0000000, 0x00000000e9e00000, 0x0000000100000000)
  eden space 98304K, 0% used [0x00000000e0000000,0x00000000e0000000,0x00000000e6000000)
  from space 16384K, 62% used [0x00000000e6000000,0x00000000e69fdb58,0x00000000e7000000)
  to   space 16384K, 0% used [0x00000000e8e00000,0x00000000e8e00000,0x00000000e9e00000)
 ParOldGen       total 174592K, used 11728K [0x00000000a0000000, 0x00000000aaa80000, 0x00000000e0000000)
  object space 174592K, 6% used [0x00000000a0000000,0x00000000a0b74320,0x00000000aaa80000)
 Metaspace       used 28245K, capacity 28836K, committed 29056K, reserved 1075200K
  class space    used 3944K, capacity 4125K, committed 4224K, reserved 1048576K
}
Event: 10.198 GC heap before
{Heap before GC invocations=5 (full 1):
 PSYoungGen      total 114688K, used 73064K [0x00000000e0000000, 0x00000000e9e00000, 0x0000000100000000)
  eden space 98304K, 63% used [0x00000000e0000000,0x00000000e3d5c650,0x00000000e6000000)
  from space 16384K, 62% used [0x00000000e6000000,0x00000000e69fdb58,0x00000000e7000000)
  to   space 16384K, 0% used [0x00000000e8e00000,0x00000000e8e00000,0x00000000e9e00000)
 ParOldGen       total 174592K, used 11728K [0x00000000a0000000, 0x00000000aaa80000, 0x00000000e0000000)
  object space 174592K, 6% used [0x00000000a0000000,0x00000000a0b74320,0x00000000aaa80000)
 Metaspace       used 34584K, capacity 35290K, committed 35416K, reserved 1079296K
  class space    used 4762K, capacity 5025K, committed 5120K, reserved 1048576K
Event: 10.212 GC heap after
Heap after GC invocations=5 (full 1):
 PSYoungGen      total 144384K, used 11772K [0x00000000e0000000, 0x00000000e9d80000, 0x0000000100000000)
  eden space 128512K, 0% used [0x00000000e0000000,0x00000000e0000000,0x00000000e7d80000)
  from space 15872K, 74% used [0x00000000e8e00000,0x00000000e997f068,0x00000000e9d80000)
  to   space 16384K, 0% used [0x00000000e7d80000,0x00000000e7d80000,0x00000000e8d80000)
 ParOldGen       total 174592K, used 11736K [0x00000000a0000000, 0x00000000aaa80000, 0x00000000e0000000)
  object space 174592K, 6% used [0x00000000a0000000,0x00000000a0b76320,0x00000000aaa80000)
 Metaspace       used 34584K, capacity 35290K, committed 35416K, reserved 1079296K
  class space    used 4762K, capacity 5025K, committed 5120K, reserved 1048576K
}
Event: 10.212 GC heap before
{Heap before GC invocations=6 (full 2):
 PSYoungGen      total 144384K, used 11772K [0x00000000e0000000, 0x00000000e9d80000, 0x0000000100000000)
  eden space 128512K, 0% used [0x00000000e0000000,0x00000000e0000000,0x00000000e7d80000)
  from space 15872K, 74% used [0x00000000e8e00000,0x00000000e997f068,0x00000000e9d80000)
  to   space 16384K, 0% used [0x00000000e7d80000,0x00000000e7d80000,0x00000000e8d80000)
 ParOldGen       total 174592K, used 11736K [0x00000000a0000000, 0x00000000aaa80000, 0x00000000e0000000)
  object space 174592K, 6% used [0x00000000a0000000,0x00000000a0b76320,0x00000000aaa80000)
 Metaspace       used 34584K, capacity 35290K, committed 35416K, reserved 1079296K
  class space    used 4762K, capacity 5025K, committed 5120K, reserved 1048576K
Event: 10.304 GC heap after
Heap after GC invocations=6 (full 2):
 PSYoungGen      total 144384K, used 0K [0x00000000e0000000, 0x00000000e9d80000, 0x0000000100000000)
  eden space 128512K, 0% used [0x00000000e0000000,0x00000000e0000000,0x00000000e7d80000)
  from space 15872K, 0% used [0x00000000e8e00000,0x00000000e8e00000,0x00000000e9d80000)
  to   space 16384K, 0% used [0x00000000e7d80000,0x00000000e7d80000,0x00000000e8d80000)
 ParOldGen       total 295424K, used 18298K [0x00000000a0000000, 0x00000000b2080000, 0x00000000e0000000)
  object space 295424K, 6% used [0x00000000a0000000,0x00000000a11de828,0x00000000b2080000)
 Metaspace       used 34584K, capacity 35290K, committed 35416K, reserved 1079296K
  class space    used 4762K, capacity 5025K, committed 5120K, reserved 1048576K
}
Event: 13.186 GC heap before
{Heap before GC invocations=7 (full 2):
 PSYoungGen      total 144384K, used 128512K [0x00000000e0000000, 0x00000000e9d80000, 0x0000000100000000)
  eden space 128512K, 100% used [0x00000000e0000000,0x00000000e7d80000,0x00000000e7d80000)
  from space 15872K, 0% used [0x00000000e8e00000,0x00000000e8e00000,0x00000000e9d80000)
  to   space 16384K, 0% used [0x00000000e7d80000,0x00000000e7d80000,0x00000000e8d80000)
 ParOldGen       total 295424K, used 18298K [0x00000000a0000000, 0x00000000b2080000, 0x00000000e0000000)
  object space 295424K, 6% used [0x00000000a0000000,0x00000000a11de828,0x00000000b2080000)
 Metaspace       used 42152K, capacity 43102K, committed 43264K, reserved 1087488K
  class space    used 5723K, capacity 6034K, committed 6144K, reserved 1048576K
Event: 13.230 GC heap after
Heap after GC invocations=7 (full 2):
 PSYoungGen      total 144896K, used 13670K [0x00000000e0000000, 0x00000000ec300000, 0x0000000100000000)
  eden space 128512K, 0% used [0x00000000e0000000,0x00000000e0000000,0x00000000e7d80000)
  from space 16384K, 83% used [0x00000000e7d80000,0x00000000e8ad9a80,0x00000000e8d80000)
  to   space 14336K, 0% used [0x00000000eb500000,0x00000000eb500000,0x00000000ec300000)
 ParOldGen       total 295424K, used 18306K [0x00000000a0000000, 0x00000000b2080000, 0x00000000e0000000)
  object space 295424K, 6% used [0x00000000a0000000,0x00000000a11e0828,0x00000000b2080000)
 Metaspace       used 42152K, capacity 43102K, committed 43264K, reserved 1087488K
  class space    used 5723K, capacity 6034K, committed 6144K, reserved 1048576K
}
Event: 17.004 GC heap before
{Heap before GC invocations=8 (full 2):
 PSYoungGen      total 144896K, used 142182K [0x00000000e0000000, 0x00000000ec300000, 0x0000000100000000)
  eden space 128512K, 100% used [0x00000000e0000000,0x00000000e7d80000,0x00000000e7d80000)
  from space 16384K, 83% used [0x00000000e7d80000,0x00000000e8ad9a80,0x00000000e8d80000)
  to   space 14336K, 0% used [0x00000000eb500000,0x00000000eb500000,0x00000000ec300000)
 ParOldGen       total 295424K, used 18306K [0x00000000a0000000, 0x00000000b2080000, 0x00000000e0000000)
  object space 295424K, 6% used [0x00000000a0000000,0x00000000a11e0828,0x00000000b2080000)
 Metaspace       used 52002K, capacity 53704K, committed 53888K, reserved 1095680K
  class space    used 7076K, capacity 7501K, committed 7552K, reserved 1048576K
Event: 17.079 GC heap after
Heap after GC invocations=8 (full 2):
 PSYoungGen      total 181248K, used 14309K [0x00000000e0000000, 0x00000000ed080000, 0x0000000100000000)
  eden space 166912K, 0% used [0x00000000e0000000,0x00000000e0000000,0x00000000ea300000)
  from space 14336K, 99% used [0x00000000eb500000,0x00000000ec2f9528,0x00000000ec300000)
  to   space 18432K, 0% used [0x00000000ea300000,0x00000000ea300000,0x00000000eb500000)
 ParOldGen       total 295424K, used 23294K [0x00000000a0000000, 0x00000000b2080000, 0x00000000e0000000)
  object space 295424K, 7% used [0x00000000a0000000,0x00000000a16bfa18,0x00000000b2080000)
 Metaspace       used 52002K, capacity 53704K, committed 53888K, reserved 1095680K
  class space    used 7076K, capacity 7501K, committed 7552K, reserved 1048576K
}

