# JRE version: OpenJDK Runtime Environment (8.0_152-b02) (build 1.8.0_152-release-1024-b02)
# Java VM: OpenJDK 64-Bit Server VM (25.152-b02 mixed mode windows-amd64 compressed oops)
Heap:
 PSYoungGen      total 250368K, used 26719K [0x00000000e0000000, 0x00000000f4100000, 0x0000000100000000)
  eden space 233984K, 4% used [0x00000000e0000000,0x00000000e0a185f8,0x00000000ee480000)
  from space 16384K, 99% used [0x00000000f0b00000,0x00000000f1aff7b8,0x00000000f1b00000)
  to   space 39424K, 0% used [0x00000000ee480000,0x00000000ee480000,0x00000000f0b00000)
 ParOldGen       total 153088K, used 42356K [0x00000000a0000000, 0x00000000a9580000, 0x00000000e0000000)
  object space 153088K, 27% used [0x00000000a0000000,0x00000000a295d170,0x00000000a9580000)
 Metaspace       used 49486K, capacity 50368K, committed 50600K, reserved 1093632K
  class space    used 6110K, capacity 6311K, committed 6320K, reserved 1048576K
GC Heap History (10 events):
Event: 10.195 GC heap before
{Heap before GC invocations=5 (full 2):
 PSYoungGen      total 114688K, used 98304K [0x00000000e0000000, 0x00000000e8000000, 0x0000000100000000)
  eden space 98304K, 100% used [0x00000000e0000000,0x00000000e6000000,0x00000000e6000000)
  from space 16384K, 0% used [0x00000000e7000000,0x00000000e7000000,0x00000000e8000000)
  to   space 16384K, 0% used [0x00000000e6000000,0x00000000e6000000,0x00000000e7000000)
 ParOldGen       total 113664K, used 15193K [0x00000000a0000000, 0x00000000a6f00000, 0x00000000e0000000)
  object space 113664K, 13% used [0x00000000a0000000,0x00000000a0ed6600,0x00000000a6f00000)
 Metaspace       used 34230K, capacity 34720K, committed 34864K, reserved 1079296K
  class space    used 4228K, capacity 4369K, committed 4400K, reserved 1048576K
Event: 10.223 GC heap after
Heap after GC invocations=5 (full 2):
 PSYoungGen      total 114688K, used 16367K [0x00000000e0000000, 0x00000000eb700000, 0x0000000100000000)
  eden space 98304K, 0% used [0x00000000e0000000,0x00000000e0000000,0x00000000e6000000)
  from space 16384K, 99% used [0x00000000e6000000,0x00000000e6ffbcd0,0x00000000e7000000)
  to   space 16384K, 0% used [0x00000000ea700000,0x00000000ea700000,0x00000000eb700000)
 ParOldGen       total 113664K, used 23236K [0x00000000a0000000, 0x00000000a6f00000, 0x00000000e0000000)
  object space 113664K, 20% used [0x00000000a0000000,0x00000000a16b13a0,0x00000000a6f00000)
 Metaspace       used 34230K, capacity 34720K, committed 34864K, reserved 1079296K
  class space    used 4228K, capacity 4369K, committed 4400K, reserved 1048576K
}
Event: 10.304 GC heap before
{Heap before GC invocations=6 (full 2):
 PSYoungGen      total 114688K, used 21771K [0x00000000e0000000, 0x00000000eb700000, 0x0000000100000000)
  eden space 98304K, 5% used [0x00000000e0000000,0x00000000e0547188,0x00000000e6000000)
  from space 16384K, 99% used [0x00000000e6000000,0x00000000e6ffbcd0,0x00000000e7000000)
  to   space 16384K, 0% used [0x00000000ea700000,0x00000000ea700000,0x00000000eb700000)
 ParOldGen       total 113664K, used 23236K [0x00000000a0000000, 0x00000000a6f00000, 0x00000000e0000000)
  object space 113664K, 20% used [0x00000000a0000000,0x00000000a16b13a0,0x00000000a6f00000)
 Metaspace       used 34731K, capacity 35252K, committed 35496K, reserved 1081344K
  class space    used 4282K, capacity 4437K, committed 4528K, reserved 1048576K
Event: 10.317 GC heap after
Heap after GC invocations=6 (full 2):
 PSYoungGen      total 171008K, used 11652K [0x00000000e0000000, 0x00000000ed780000, 0x0000000100000000)
  eden space 154624K, 0% used [0x00000000e0000000,0x00000000e0000000,0x00000000e9700000)
  from space 16384K, 71% used [0x00000000ea700000,0x00000000eb2613c0,0x00000000eb700000)
  to   space 16384K, 0% used [0x00000000e9700000,0x00000000e9700000,0x00000000ea700000)
 ParOldGen       total 113664K, used 23244K [0x00000000a0000000, 0x00000000a6f00000, 0x00000000e0000000)
  object space 113664K, 20% used [0x00000000a0000000,0x00000000a16b33a0,0x00000000a6f00000)
 Metaspace       used 34731K, capacity 35252K, committed 35496K, reserved 1081344K
  class space    used 4282K, capacity 4437K, committed 4528K, reserved 1048576K
}
Event: 10.317 GC heap before
{Heap before GC invocations=7 (full 3):
 PSYoungGen      total 171008K, used 11652K [0x00000000e0000000, 0x00000000ed780000, 0x0000000100000000)
  eden space 154624K, 0% used [0x00000000e0000000,0x00000000e0000000,0x00000000e9700000)
  from space 16384K, 71% used [0x00000000ea700000,0x00000000eb2613c0,0x00000000eb700000)
  to   space 16384K, 0% used [0x00000000e9700000,0x00000000e9700000,0x00000000ea700000)
 ParOldGen       total 113664K, used 23244K [0x00000000a0000000, 0x00000000a6f00000, 0x00000000e0000000)
  object space 113664K, 20% used [0x00000000a0000000,0x00000000a16b33a0,0x00000000a6f00000)
 Metaspace       used 34731K, capacity 35252K, committed 35496K, reserved 1081344K
  class space    used 4282K, capacity 4437K, committed 4528K, reserved 1048576K
Event: 10.413 GC heap after
Heap after GC invocations=7 (full 3):
 PSYoungGen      total 171008K, used 0K [0x00000000e0000000, 0x00000000ed780000, 0x0000000100000000)
  eden space 154624K, 0% used [0x00000000e0000000,0x00000000e0000000,0x00000000e9700000)
  from space 16384K, 0% used [0x00000000ea700000,0x00000000ea700000,0x00000000eb700000)
  to   space 16384K, 0% used [0x00000000e9700000,0x00000000e9700000,0x00000000ea700000)
 ParOldGen       total 153088K, used 17110K [0x00000000a0000000, 0x00000000a9580000, 0x00000000e0000000)
  object space 153088K, 11% used [0x00000000a0000000,0x00000000a10b5ac0,0x00000000a9580000)
 Metaspace       used 34731K, capacity 35252K, committed 35496K, reserved 1081344K
  class space    used 4282K, capacity 4437K, committed 4528K, reserved 1048576K
}
Event: 13.006 GC heap before
{Heap before GC invocations=8 (full 3):
 PSYoungGen      total 171008K, used 154624K [0x00000000e0000000, 0x00000000ed780000, 0x0000000100000000)
  eden space 154624K, 100% used [0x00000000e0000000,0x00000000e9700000,0x00000000e9700000)
  from space 16384K, 0% used [0x00000000ea700000,0x00000000ea700000,0x00000000eb700000)
  to   space 16384K, 0% used [0x00000000e9700000,0x00000000e9700000,0x00000000ea700000)
 ParOldGen       total 153088K, used 17110K [0x00000000a0000000, 0x00000000a9580000, 0x00000000e0000000)
  object space 153088K, 11% used [0x00000000a0000000,0x00000000a10b5ac0,0x00000000a9580000)
 Metaspace       used 42365K, capacity 43046K, committed 43304K, reserved 1087488K
  class space    used 5122K, capacity 5304K, committed 5424K, reserved 1048576K
Event: 13.050 GC heap after
Heap after GC invocations=8 (full 3):
 PSYoungGen      total 171008K, used 16381K [0x00000000e0000000, 0x00000000f1b00000, 0x0000000100000000)
  eden space 154624K, 0% used [0x00000000e0000000,0x00000000e0000000,0x00000000e9700000)
  from space 16384K, 99% used [0x00000000e9700000,0x00000000ea6ff798,0x00000000ea700000)
  to   space 16384K, 0% used [0x00000000f0b00000,0x00000000f0b00000,0x00000000f1b00000)
 ParOldGen       total 153088K, used 25951K [0x00000000a0000000, 0x00000000a9580000, 0x00000000e0000000)
  object space 153088K, 16% used [0x00000000a0000000,0x00000000a1957f60,0x00000000a9580000)
 Metaspace       used 42365K, capacity 43046K, committed 43304K, reserved 1087488K
  class space    used 5122K, capacity 5304K, committed 5424K, reserved 1048576K
}
Event: 16.061 GC heap before
{Heap before GC invocations=9 (full 3):
 PSYoungGen      total 171008K, used 171005K [0x00000000e0000000, 0x00000000f1b00000, 0x0000000100000000)
  eden space 154624K, 100% used [0x00000000e0000000,0x00000000e9700000,0x00000000e9700000)
  from space 16384K, 99% used [0x00000000e9700000,0x00000000ea6ff798,0x00000000ea700000)
  to   space 16384K, 0% used [0x00000000f0b00000,0x00000000f0b00000,0x00000000f1b00000)
 ParOldGen       total 153088K, used 25951K [0x00000000a0000000, 0x00000000a9580000, 0x00000000e0000000)
  object space 153088K, 16% used [0x00000000a0000000,0x00000000a1957f60,0x00000000a9580000)
 Metaspace       used 48926K, capacity 49756K, committed 50088K, reserved 1093632K
  class space    used 6049K, capacity 6239K, committed 6320K, reserved 1048576K
Event: 16.093 GC heap after
Heap after GC invocations=9 (full 3):
 PSYoungGen      total 250368K, used 16381K [0x00000000e0000000, 0x00000000f4100000, 0x0000000100000000)
  eden space 233984K, 0% used [0x00000000e0000000,0x00000000e0000000,0x00000000ee480000)
  from space 16384K, 99% used [0x00000000f0b00000,0x00000000f1aff7b8,0x00000000f1b00000)
  to   space 39424K, 0% used [0x00000000ee480000,0x00000000ee480000,0x00000000f0b00000)
 ParOldGen       total 153088K, used 42356K [0x00000000a0000000, 0x00000000a9580000, 0x00000000e0000000)
  object space 153088K, 27% used [0x00000000a0000000,0x00000000a295d170,0x00000000a9580000)
 Metaspace       used 48926K, capacity 49756K, committed 50088K, reserved 1093632K
  class space    used 6049K, capacity 6239K, committed 6320K, reserved 1048576K
}

