# JRE version: OpenJDK Runtime Environment (8.0_152-b02) (build 1.8.0_152-release-1024-b02)
# Java VM: OpenJDK 64-Bit Server VM (25.152-b02 mixed mode windows-amd64 compressed oops)
Heap:
 PSYoungGen      total 147456K, used 88436K [0x0000000740700000, 0x000000074ab80000, 0x00000007c0000000)
  eden space 131584K, 55% used [0x0000000740700000,0x0000000744e3bd78,0x0000000748780000)
  from space 15872K, 97% used [0x0000000749c00000,0x000000074ab213f0,0x000000074ab80000)
  to   space 16384K, 0% used [0x0000000748b80000,0x0000000748b80000,0x0000000749b80000)
 ParOldGen       total 192000K, used 24025K [0x0000000641400000, 0x000000064cf80000, 0x0000000740700000)
  object space 192000K, 12% used [0x0000000641400000,0x0000000642b76560,0x000000064cf80000)
 Metaspace       used 39110K, capacity 39812K, committed 40152K, reserved 1085440K
  class space    used 4693K, capacity 4862K, committed 4864K, reserved 1048576K
GC Heap History (10 events):
Event: 1.859 GC heap before
{Heap before GC invocations=2 (full 1):
 PSYoungGen      total 114688K, used 16369K [0x0000000740700000, 0x0000000748700000, 0x00000007c0000000)
  eden space 98304K, 0% used [0x0000000740700000,0x0000000740700000,0x0000000746700000)
  from space 16384K, 99% used [0x0000000746700000,0x00000007476fc528,0x0000000747700000)
  to   space 16384K, 0% used [0x0000000747700000,0x0000000747700000,0x0000000748700000)
 ParOldGen       total 262144K, used 2393K [0x0000000641400000, 0x0000000651400000, 0x0000000740700000)
  object space 262144K, 0% used [0x0000000641400000,0x0000000641656760,0x0000000651400000)
 Metaspace       used 20691K, capacity 20999K, committed 21248K, reserved 1067008K
  class space    used 2618K, capacity 2732K, committed 2816K, reserved 1048576K
Event: 1.910 GC heap after
Heap after GC invocations=2 (full 1):
 PSYoungGen      total 114688K, used 0K [0x0000000740700000, 0x0000000748700000, 0x00000007c0000000)
  eden space 98304K, 0% used [0x0000000740700000,0x0000000740700000,0x0000000746700000)
  from space 16384K, 0% used [0x0000000746700000,0x0000000746700000,0x0000000747700000)
  to   space 16384K, 0% used [0x0000000747700000,0x0000000747700000,0x0000000748700000)
 ParOldGen       total 192000K, used 17747K [0x0000000641400000, 0x000000064cf80000, 0x0000000740700000)
  object space 192000K, 9% used [0x0000000641400000,0x0000000642554d58,0x000000064cf80000)
 Metaspace       used 20691K, capacity 20999K, committed 21248K, reserved 1067008K
  class space    used 2618K, capacity 2732K, committed 2816K, reserved 1048576K
}
Event: 4.965 GC heap before
{Heap before GC invocations=3 (full 1):
 PSYoungGen      total 114688K, used 98304K [0x0000000740700000, 0x0000000748700000, 0x00000007c0000000)
  eden space 98304K, 100% used [0x0000000740700000,0x0000000746700000,0x0000000746700000)
  from space 16384K, 0% used [0x0000000746700000,0x0000000746700000,0x0000000747700000)
  to   space 16384K, 0% used [0x0000000747700000,0x0000000747700000,0x0000000748700000)
 ParOldGen       total 192000K, used 17747K [0x0000000641400000, 0x000000064cf80000, 0x0000000740700000)
  object space 192000K, 9% used [0x0000000641400000,0x0000000642554d58,0x000000064cf80000)
 Metaspace       used 33046K, capacity 33618K, committed 34048K, reserved 1079296K
  class space    used 4053K, capacity 4226K, committed 4352K, reserved 1048576K
Event: 5.003 GC heap after
Heap after GC invocations=3 (full 1):
 PSYoungGen      total 114688K, used 16383K [0x0000000740700000, 0x000000074a280000, 0x00000007c0000000)
  eden space 98304K, 0% used [0x0000000740700000,0x0000000740700000,0x0000000746700000)
  from space 16384K, 99% used [0x0000000747700000,0x00000007486ffef8,0x0000000748700000)
  to   space 16384K, 0% used [0x0000000746700000,0x0000000746700000,0x0000000747700000)
 ParOldGen       total 192000K, used 25808K [0x0000000641400000, 0x000000064cf80000, 0x0000000740700000)
  object space 192000K, 13% used [0x0000000641400000,0x0000000642d340d0,0x000000064cf80000)
 Metaspace       used 33046K, capacity 33618K, committed 34048K, reserved 1079296K
  class space    used 4053K, capacity 4226K, committed 4352K, reserved 1048576K
}
Event: 5.487 GC heap before
{Heap before GC invocations=4 (full 1):
 PSYoungGen      total 114688K, used 42030K [0x0000000740700000, 0x000000074a280000, 0x00000007c0000000)
  eden space 98304K, 26% used [0x0000000740700000,0x000000074200ba48,0x0000000746700000)
  from space 16384K, 99% used [0x0000000747700000,0x00000007486ffef8,0x0000000748700000)
  to   space 16384K, 0% used [0x0000000746700000,0x0000000746700000,0x0000000747700000)
 ParOldGen       total 192000K, used 25808K [0x0000000641400000, 0x000000064cf80000, 0x0000000740700000)
  object space 192000K, 13% used [0x0000000641400000,0x0000000642d340d0,0x000000064cf80000)
 Metaspace       used 34656K, capacity 35160K, committed 35416K, reserved 1081344K
  class space    used 4264K, capacity 4433K, committed 4480K, reserved 1048576K
Event: 5.502 GC heap after
Heap after GC invocations=4 (full 1):
 PSYoungGen      total 114688K, used 16359K [0x0000000740700000, 0x000000074ac00000, 0x00000007c0000000)
  eden space 98304K, 0% used [0x0000000740700000,0x0000000740700000,0x0000000746700000)
  from space 16384K, 99% used [0x0000000746700000,0x00000007476f9e50,0x0000000747700000)
  to   space 16384K, 0% used [0x0000000749c00000,0x0000000749c00000,0x000000074ac00000)
 ParOldGen       total 192000K, used 26425K [0x0000000641400000, 0x000000064cf80000, 0x0000000740700000)
  object space 192000K, 13% used [0x0000000641400000,0x0000000642dce4b0,0x000000064cf80000)
 Metaspace       used 34656K, capacity 35160K, committed 35416K, reserved 1081344K
  class space    used 4264K, capacity 4433K, committed 4480K, reserved 1048576K
}
Event: 5.502 GC heap before
{Heap before GC invocations=5 (full 2):
 PSYoungGen      total 114688K, used 16359K [0x0000000740700000, 0x000000074ac00000, 0x00000007c0000000)
  eden space 98304K, 0% used [0x0000000740700000,0x0000000740700000,0x0000000746700000)
  from space 16384K, 99% used [0x0000000746700000,0x00000007476f9e50,0x0000000747700000)
  to   space 16384K, 0% used [0x0000000749c00000,0x0000000749c00000,0x000000074ac00000)
 ParOldGen       total 192000K, used 26425K [0x0000000641400000, 0x000000064cf80000, 0x0000000740700000)
  object space 192000K, 13% used [0x0000000641400000,0x0000000642dce4b0,0x000000064cf80000)
 Metaspace       used 34656K, capacity 35160K, committed 35416K, reserved 1081344K
  class space    used 4264K, capacity 4433K, committed 4480K, reserved 1048576K
Event: 5.623 GC heap after
Heap after GC invocations=5 (full 2):
 PSYoungGen      total 114688K, used 0K [0x0000000740700000, 0x000000074ac00000, 0x00000007c0000000)
  eden space 98304K, 0% used [0x0000000740700000,0x0000000740700000,0x0000000746700000)
  from space 16384K, 0% used [0x0000000746700000,0x0000000746700000,0x0000000747700000)
  to   space 16384K, 0% used [0x0000000749c00000,0x0000000749c00000,0x000000074ac00000)
 ParOldGen       total 192000K, used 24017K [0x0000000641400000, 0x000000064cf80000, 0x0000000740700000)
  object space 192000K, 12% used [0x0000000641400000,0x0000000642b74560,0x000000064cf80000)
 Metaspace       used 34656K, capacity 35160K, committed 35416K, reserved 1081344K
  class space    used 4264K, capacity 4433K, committed 4480K, reserved 1048576K
}
Event: 7.535 GC heap before
{Heap before GC invocations=6 (full 2):
 PSYoungGen      total 114688K, used 98304K [0x0000000740700000, 0x000000074ac00000, 0x00000007c0000000)
  eden space 98304K, 100% used [0x0000000740700000,0x0000000746700000,0x0000000746700000)
  from space 16384K, 0% used [0x0000000746700000,0x0000000746700000,0x0000000747700000)
  to   space 16384K, 0% used [0x0000000749c00000,0x0000000749c00000,0x000000074ac00000)
 ParOldGen       total 192000K, used 24017K [0x0000000641400000, 0x000000064cf80000, 0x0000000740700000)
  object space 192000K, 12% used [0x0000000641400000,0x0000000642b74560,0x000000064cf80000)
 Metaspace       used 38336K, capacity 38984K, committed 39384K, reserved 1083392K
  class space    used 4625K, capacity 4785K, committed 4864K, reserved 1048576K
Event: 7.556 GC heap after
Heap after GC invocations=6 (full 2):
 PSYoungGen      total 147456K, used 15492K [0x0000000740700000, 0x000000074ab80000, 0x00000007c0000000)
  eden space 131584K, 0% used [0x0000000740700000,0x0000000740700000,0x0000000748780000)
  from space 15872K, 97% used [0x0000000749c00000,0x000000074ab213f0,0x000000074ab80000)
  to   space 16384K, 0% used [0x0000000748b80000,0x0000000748b80000,0x0000000749b80000)
 ParOldGen       total 192000K, used 24025K [0x0000000641400000, 0x000000064cf80000, 0x0000000740700000)
  object space 192000K, 12% used [0x0000000641400000,0x0000000642b76560,0x000000064cf80000)
 Metaspace       used 38336K, capacity 38984K, committed 39384K, reserved 1083392K
  class space    used 4625K, capacity 4785K, committed 4864K, reserved 1048576K
}

