# JRE version: OpenJDK Runtime Environment (8.0_152-b02) (build 1.8.0_152-release-1024-b02)
# Java VM: OpenJDK 64-Bit Server VM (25.152-b02 mixed mode windows-amd64 compressed oops)
Heap:
 PSYoungGen      total 142848K, used 80542K [0x00000000e0000000, 0x00000000ed900000, 0x0000000100000000)
  eden space 126464K, 50% used [0x00000000e0000000,0x00000000e3eab058,0x00000000e7b80000)
  from space 16384K, 99% used [0x00000000ec900000,0x00000000ed8fca40,0x00000000ed900000)
  to   space 16384K, 0% used [0x00000000e7b80000,0x00000000e7b80000,0x00000000e8b80000)
 ParOldGen       total 282624K, used 33630K [0x00000000a0000000, 0x00000000b1400000, 0x00000000e0000000)
  object space 282624K, 11% used [0x00000000a0000000,0x00000000a20d7be8,0x00000000b1400000)
 Metaspace       used 50016K, capacity 50912K, committed 51328K, reserved 1093632K
  class space    used 6180K, capacity 6421K, committed 6528K, reserved 1048576K
GC Heap History (10 events):
Event: 6.867 GC heap before
{Heap before GC invocations=5 (full 2):
 PSYoungGen      total 114688K, used 98304K [0x00000000e0000000, 0x00000000e8000000, 0x0000000100000000)
  eden space 98304K, 100% used [0x00000000e0000000,0x00000000e6000000,0x00000000e6000000)
  from space 16384K, 0% used [0x00000000e7000000,0x00000000e7000000,0x00000000e8000000)
  to   space 16384K, 0% used [0x00000000e6000000,0x00000000e6000000,0x00000000e7000000)
 ParOldGen       total 190976K, used 14838K [0x00000000a0000000, 0x00000000aba80000, 0x00000000e0000000)
  object space 190976K, 7% used [0x00000000a0000000,0x00000000a0e7db68,0x00000000aba80000)
 Metaspace       used 33933K, capacity 34439K, committed 34816K, reserved 1079296K
  class space    used 4207K, capacity 4340K, committed 4352K, reserved 1048576K
Event: 6.898 GC heap after
Heap after GC invocations=5 (full 2):
 PSYoungGen      total 114688K, used 16373K [0x00000000e0000000, 0x00000000e9b80000, 0x0000000100000000)
  eden space 98304K, 0% used [0x00000000e0000000,0x00000000e0000000,0x00000000e6000000)
  from space 16384K, 99% used [0x00000000e6000000,0x00000000e6ffd7f8,0x00000000e7000000)
  to   space 16384K, 0% used [0x00000000e8b80000,0x00000000e8b80000,0x00000000e9b80000)
 ParOldGen       total 190976K, used 22658K [0x00000000a0000000, 0x00000000aba80000, 0x00000000e0000000)
  object space 190976K, 11% used [0x00000000a0000000,0x00000000a1620870,0x00000000aba80000)
 Metaspace       used 33933K, capacity 34439K, committed 34816K, reserved 1079296K
  class space    used 4207K, capacity 4340K, committed 4352K, reserved 1048576K
}
Event: 7.169 GC heap before
{Heap before GC invocations=6 (full 2):
 PSYoungGen      total 114688K, used 25006K [0x00000000e0000000, 0x00000000e9b80000, 0x0000000100000000)
  eden space 98304K, 8% used [0x00000000e0000000,0x00000000e086e270,0x00000000e6000000)
  from space 16384K, 99% used [0x00000000e6000000,0x00000000e6ffd7f8,0x00000000e7000000)
  to   space 16384K, 0% used [0x00000000e8b80000,0x00000000e8b80000,0x00000000e9b80000)
 ParOldGen       total 190976K, used 22658K [0x00000000a0000000, 0x00000000aba80000, 0x00000000e0000000)
  object space 190976K, 11% used [0x00000000a0000000,0x00000000a1620870,0x00000000aba80000)
 Metaspace       used 34711K, capacity 35210K, committed 35456K, reserved 1081344K
  class space    used 4288K, capacity 4440K, committed 4480K, reserved 1048576K
Event: 7.193 GC heap after
Heap after GC invocations=6 (full 2):
 PSYoungGen      total 142848K, used 11792K [0x00000000e0000000, 0x00000000ebe80000, 0x0000000100000000)
  eden space 126464K, 0% used [0x00000000e0000000,0x00000000e0000000,0x00000000e7b80000)
  from space 16384K, 71% used [0x00000000e8b80000,0x00000000e9704230,0x00000000e9b80000)
  to   space 16384K, 0% used [0x00000000e7b80000,0x00000000e7b80000,0x00000000e8b80000)
 ParOldGen       total 190976K, used 22666K [0x00000000a0000000, 0x00000000aba80000, 0x00000000e0000000)
  object space 190976K, 11% used [0x00000000a0000000,0x00000000a1622870,0x00000000aba80000)
 Metaspace       used 34711K, capacity 35210K, committed 35456K, reserved 1081344K
  class space    used 4288K, capacity 4440K, committed 4480K, reserved 1048576K
}
Event: 7.193 GC heap before
{Heap before GC invocations=7 (full 3):
 PSYoungGen      total 142848K, used 11792K [0x00000000e0000000, 0x00000000ebe80000, 0x0000000100000000)
  eden space 126464K, 0% used [0x00000000e0000000,0x00000000e0000000,0x00000000e7b80000)
  from space 16384K, 71% used [0x00000000e8b80000,0x00000000e9704230,0x00000000e9b80000)
  to   space 16384K, 0% used [0x00000000e7b80000,0x00000000e7b80000,0x00000000e8b80000)
 ParOldGen       total 190976K, used 22666K [0x00000000a0000000, 0x00000000aba80000, 0x00000000e0000000)
  object space 190976K, 11% used [0x00000000a0000000,0x00000000a1622870,0x00000000aba80000)
 Metaspace       used 34711K, capacity 35210K, committed 35456K, reserved 1081344K
  class space    used 4288K, capacity 4440K, committed 4480K, reserved 1048576K
Event: 7.335 GC heap after
Heap after GC invocations=7 (full 3):
 PSYoungGen      total 142848K, used 0K [0x00000000e0000000, 0x00000000ebe80000, 0x0000000100000000)
  eden space 126464K, 0% used [0x00000000e0000000,0x00000000e0000000,0x00000000e7b80000)
  from space 16384K, 0% used [0x00000000e8b80000,0x00000000e8b80000,0x00000000e9b80000)
  to   space 16384K, 0% used [0x00000000e7b80000,0x00000000e7b80000,0x00000000e8b80000)
 ParOldGen       total 282624K, used 17250K [0x00000000a0000000, 0x00000000b1400000, 0x00000000e0000000)
  object space 282624K, 6% used [0x00000000a0000000,0x00000000a10d8a00,0x00000000b1400000)
 Metaspace       used 34711K, capacity 35210K, committed 35456K, reserved 1081344K
  class space    used 4288K, capacity 4440K, committed 4480K, reserved 1048576K
}
Event: 10.269 GC heap before
{Heap before GC invocations=8 (full 3):
 PSYoungGen      total 142848K, used 126464K [0x00000000e0000000, 0x00000000ebe80000, 0x0000000100000000)
  eden space 126464K, 100% used [0x00000000e0000000,0x00000000e7b80000,0x00000000e7b80000)
  from space 16384K, 0% used [0x00000000e8b80000,0x00000000e8b80000,0x00000000e9b80000)
  to   space 16384K, 0% used [0x00000000e7b80000,0x00000000e7b80000,0x00000000e8b80000)
 ParOldGen       total 282624K, used 17250K [0x00000000a0000000, 0x00000000b1400000, 0x00000000e0000000)
  object space 282624K, 6% used [0x00000000a0000000,0x00000000a10d8a00,0x00000000b1400000)
 Metaspace       used 42178K, capacity 42906K, committed 43264K, reserved 1087488K
  class space    used 5132K, capacity 5340K, committed 5376K, reserved 1048576K
Event: 10.307 GC heap after
Heap after GC invocations=8 (full 3):
 PSYoungGen      total 142848K, used 16356K [0x00000000e0000000, 0x00000000ed900000, 0x0000000100000000)
  eden space 126464K, 0% used [0x00000000e0000000,0x00000000e0000000,0x00000000e7b80000)
  from space 16384K, 99% used [0x00000000e7b80000,0x00000000e8b79108,0x00000000e8b80000)
  to   space 16384K, 0% used [0x00000000ec900000,0x00000000ec900000,0x00000000ed900000)
 ParOldGen       total 282624K, used 24288K [0x00000000a0000000, 0x00000000b1400000, 0x00000000e0000000)
  object space 282624K, 8% used [0x00000000a0000000,0x00000000a17b8138,0x00000000b1400000)
 Metaspace       used 42178K, capacity 42906K, committed 43264K, reserved 1087488K
  class space    used 5132K, capacity 5340K, committed 5376K, reserved 1048576K
}
Event: 12.313 GC heap before
{Heap before GC invocations=9 (full 3):
 PSYoungGen      total 142848K, used 142820K [0x00000000e0000000, 0x00000000ed900000, 0x0000000100000000)
  eden space 126464K, 100% used [0x00000000e0000000,0x00000000e7b80000,0x00000000e7b80000)
  from space 16384K, 99% used [0x00000000e7b80000,0x00000000e8b79108,0x00000000e8b80000)
  to   space 16384K, 0% used [0x00000000ec900000,0x00000000ec900000,0x00000000ed900000)
 ParOldGen       total 282624K, used 24288K [0x00000000a0000000, 0x00000000b1400000, 0x00000000e0000000)
  object space 282624K, 8% used [0x00000000a0000000,0x00000000a17b8138,0x00000000b1400000)
 Metaspace       used 44482K, capacity 45224K, committed 45312K, reserved 1089536K
  class space    used 5387K, capacity 5611K, committed 5632K, reserved 1048576K
Event: 12.342 GC heap after
Heap after GC invocations=9 (full 3):
 PSYoungGen      total 142848K, used 16370K [0x00000000e0000000, 0x00000000ed900000, 0x0000000100000000)
  eden space 126464K, 0% used [0x00000000e0000000,0x00000000e0000000,0x00000000e7b80000)
  from space 16384K, 99% used [0x00000000ec900000,0x00000000ed8fca40,0x00000000ed900000)
  to   space 16384K, 0% used [0x00000000e7b80000,0x00000000e7b80000,0x00000000e8b80000)
 ParOldGen       total 282624K, used 33630K [0x00000000a0000000, 0x00000000b1400000, 0x00000000e0000000)
  object space 282624K, 11% used [0x00000000a0000000,0x00000000a20d7be8,0x00000000b1400000)
 Metaspace       used 44482K, capacity 45224K, committed 45312K, reserved 1089536K
  class space    used 5387K, capacity 5611K, committed 5632K, reserved 1048576K
}

