# JRE version: OpenJDK Runtime Environment (8.0_152-b02) (build 1.8.0_152-release-1024-b02)
# Java VM: OpenJDK 64-Bit Server VM (25.152-b02 mixed mode windows-amd64 compressed oops)
Heap:
 PSYoungGen      total 114688K, used 17857K [0x0000000740700000, 0x000000074a780000, 0x00000007c0000000)
  eden space 98304K, 2% used [0x0000000740700000,0x0000000740948f90,0x0000000746700000)
  from space 16384K, 94% used [0x0000000747700000,0x0000000748627580,0x0000000748700000)
  to   space 16384K, 0% used [0x0000000746700000,0x0000000746700000,0x0000000747700000)
 ParOldGen       total 190976K, used 24593K [0x0000000641400000, 0x000000064ce80000, 0x0000000740700000)
  object space 190976K, 12% used [0x0000000641400000,0x0000000642c045e0,0x000000064ce80000)
 Metaspace       used 38297K, capacity 38920K, committed 39128K, reserved 1083392K
  class space    used 4626K, capacity 4785K, committed 4864K, reserved 1048576K
GC Heap History (10 events):
Event: 1.651 GC heap before
{Heap before GC invocations=2 (full 1):
 PSYoungGen      total 114688K, used 16359K [0x0000000740700000, 0x0000000748700000, 0x00000007c0000000)
  eden space 98304K, 0% used [0x0000000740700000,0x0000000740700000,0x0000000746700000)
  from space 16384K, 99% used [0x0000000746700000,0x00000007476f9e80,0x0000000747700000)
  to   space 16384K, 0% used [0x0000000747700000,0x0000000747700000,0x0000000748700000)
 ParOldGen       total 262144K, used 2440K [0x0000000641400000, 0x0000000651400000, 0x0000000740700000)
  object space 262144K, 0% used [0x0000000641400000,0x0000000641662260,0x0000000651400000)
 Metaspace       used 20682K, capacity 20999K, committed 21248K, reserved 1067008K
  class space    used 2618K, capacity 2732K, committed 2816K, reserved 1048576K
Event: 1.690 GC heap after
Heap after GC invocations=2 (full 1):
 PSYoungGen      total 114688K, used 0K [0x0000000740700000, 0x0000000748700000, 0x00000007c0000000)
  eden space 98304K, 0% used [0x0000000740700000,0x0000000740700000,0x0000000746700000)
  from space 16384K, 0% used [0x0000000746700000,0x0000000746700000,0x0000000747700000)
  to   space 16384K, 0% used [0x0000000747700000,0x0000000747700000,0x0000000748700000)
 ParOldGen       total 190976K, used 17762K [0x0000000641400000, 0x000000064ce80000, 0x0000000740700000)
  object space 190976K, 9% used [0x0000000641400000,0x0000000642558a78,0x000000064ce80000)
 Metaspace       used 20682K, capacity 20999K, committed 21248K, reserved 1067008K
  class space    used 2618K, capacity 2732K, committed 2816K, reserved 1048576K
}
Event: 4.476 GC heap before
{Heap before GC invocations=3 (full 1):
 PSYoungGen      total 114688K, used 98304K [0x0000000740700000, 0x0000000748700000, 0x00000007c0000000)
  eden space 98304K, 100% used [0x0000000740700000,0x0000000746700000,0x0000000746700000)
  from space 16384K, 0% used [0x0000000746700000,0x0000000746700000,0x0000000747700000)
  to   space 16384K, 0% used [0x0000000747700000,0x0000000747700000,0x0000000748700000)
 ParOldGen       total 190976K, used 17762K [0x0000000641400000, 0x000000064ce80000, 0x0000000740700000)
  object space 190976K, 9% used [0x0000000641400000,0x0000000642558a78,0x000000064ce80000)
 Metaspace       used 32524K, capacity 33042K, committed 33408K, reserved 1079296K
  class space    used 3999K, capacity 4162K, committed 4224K, reserved 1048576K
Event: 4.502 GC heap after
Heap after GC invocations=3 (full 1):
 PSYoungGen      total 114688K, used 16354K [0x0000000740700000, 0x0000000748700000, 0x00000007c0000000)
  eden space 98304K, 0% used [0x0000000740700000,0x0000000740700000,0x0000000746700000)
  from space 16384K, 99% used [0x0000000747700000,0x00000007486f88a0,0x0000000748700000)
  to   space 16384K, 0% used [0x0000000746700000,0x0000000746700000,0x0000000747700000)
 ParOldGen       total 190976K, used 25125K [0x0000000641400000, 0x000000064ce80000, 0x0000000740700000)
  object space 190976K, 13% used [0x0000000641400000,0x0000000642c89428,0x000000064ce80000)
 Metaspace       used 32524K, capacity 33042K, committed 33408K, reserved 1079296K
  class space    used 3999K, capacity 4162K, committed 4224K, reserved 1048576K
}
Event: 5.088 GC heap before
{Heap before GC invocations=4 (full 1):
 PSYoungGen      total 114688K, used 45696K [0x0000000740700000, 0x0000000748700000, 0x00000007c0000000)
  eden space 98304K, 29% used [0x0000000740700000,0x00000007423a7a70,0x0000000746700000)
  from space 16384K, 99% used [0x0000000747700000,0x00000007486f88a0,0x0000000748700000)
  to   space 16384K, 0% used [0x0000000746700000,0x0000000746700000,0x0000000747700000)
 ParOldGen       total 190976K, used 25125K [0x0000000641400000, 0x000000064ce80000, 0x0000000740700000)
  object space 190976K, 13% used [0x0000000641400000,0x0000000642c89428,0x000000064ce80000)
 Metaspace       used 34653K, capacity 35160K, committed 35416K, reserved 1081344K
  class space    used 4265K, capacity 4433K, committed 4480K, reserved 1048576K
Event: 5.103 GC heap after
Heap after GC invocations=4 (full 1):
 PSYoungGen      total 114688K, used 16379K [0x0000000740700000, 0x0000000748700000, 0x00000007c0000000)
  eden space 98304K, 0% used [0x0000000740700000,0x0000000740700000,0x0000000746700000)
  from space 16384K, 99% used [0x0000000746700000,0x00000007476fed28,0x0000000747700000)
  to   space 16384K, 0% used [0x0000000747700000,0x0000000747700000,0x0000000748700000)
 ParOldGen       total 190976K, used 26301K [0x0000000641400000, 0x000000064ce80000, 0x0000000740700000)
  object space 190976K, 13% used [0x0000000641400000,0x0000000642daf7f8,0x000000064ce80000)
 Metaspace       used 34653K, capacity 35160K, committed 35416K, reserved 1081344K
  class space    used 4265K, capacity 4433K, committed 4480K, reserved 1048576K
}
Event: 5.103 GC heap before
{Heap before GC invocations=5 (full 2):
 PSYoungGen      total 114688K, used 16379K [0x0000000740700000, 0x0000000748700000, 0x00000007c0000000)
  eden space 98304K, 0% used [0x0000000740700000,0x0000000740700000,0x0000000746700000)
  from space 16384K, 99% used [0x0000000746700000,0x00000007476fed28,0x0000000747700000)
  to   space 16384K, 0% used [0x0000000747700000,0x0000000747700000,0x0000000748700000)
 ParOldGen       total 190976K, used 26301K [0x0000000641400000, 0x000000064ce80000, 0x0000000740700000)
  object space 190976K, 13% used [0x0000000641400000,0x0000000642daf7f8,0x000000064ce80000)
 Metaspace       used 34653K, capacity 35160K, committed 35416K, reserved 1081344K
  class space    used 4265K, capacity 4433K, committed 4480K, reserved 1048576K
Event: 5.209 GC heap after
Heap after GC invocations=5 (full 2):
 PSYoungGen      total 114688K, used 0K [0x0000000740700000, 0x0000000748700000, 0x00000007c0000000)
  eden space 98304K, 0% used [0x0000000740700000,0x0000000740700000,0x0000000746700000)
  from space 16384K, 0% used [0x0000000746700000,0x0000000746700000,0x0000000747700000)
  to   space 16384K, 0% used [0x0000000747700000,0x0000000747700000,0x0000000748700000)
 ParOldGen       total 190976K, used 24585K [0x0000000641400000, 0x000000064ce80000, 0x0000000740700000)
  object space 190976K, 12% used [0x0000000641400000,0x0000000642c025e0,0x000000064ce80000)
 Metaspace       used 34653K, capacity 35160K, committed 35416K, reserved 1081344K
  class space    used 4265K, capacity 4433K, committed 4480K, reserved 1048576K
}
Event: 6.981 GC heap before
{Heap before GC invocations=6 (full 2):
 PSYoungGen      total 114688K, used 98304K [0x0000000740700000, 0x0000000748700000, 0x00000007c0000000)
  eden space 98304K, 100% used [0x0000000740700000,0x0000000746700000,0x0000000746700000)
  from space 16384K, 0% used [0x0000000746700000,0x0000000746700000,0x0000000747700000)
  to   space 16384K, 0% used [0x0000000747700000,0x0000000747700000,0x0000000748700000)
 ParOldGen       total 190976K, used 24585K [0x0000000641400000, 0x000000064ce80000, 0x0000000740700000)
  object space 190976K, 12% used [0x0000000641400000,0x0000000642c025e0,0x000000064ce80000)
 Metaspace       used 38291K, capacity 38856K, committed 39128K, reserved 1083392K
  class space    used 4626K, capacity 4785K, committed 4864K, reserved 1048576K
Event: 7.005 GC heap after
Heap after GC invocations=6 (full 2):
 PSYoungGen      total 114688K, used 15517K [0x0000000740700000, 0x000000074a780000, 0x00000007c0000000)
  eden space 98304K, 0% used [0x0000000740700000,0x0000000740700000,0x0000000746700000)
  from space 16384K, 94% used [0x0000000747700000,0x0000000748627580,0x0000000748700000)
  to   space 16384K, 0% used [0x0000000746700000,0x0000000746700000,0x0000000747700000)
 ParOldGen       total 190976K, used 24593K [0x0000000641400000, 0x000000064ce80000, 0x0000000740700000)
  object space 190976K, 12% used [0x0000000641400000,0x0000000642c045e0,0x000000064ce80000)
 Metaspace       used 38291K, capacity 38856K, committed 39128K, reserved 1083392K
  class space    used 4626K, capacity 4785K, committed 4864K, reserved 1048576K
}

